\BOOKMARK [0][-]{toc.0}{Inhaltsverzeichnis}{}% 1
\BOOKMARK [0][-]{section*.2}{Abbildungsverzeichnis}{}% 2
\BOOKMARK [0][-]{section*.4}{Tabellenverzeichnis}{}% 3
\BOOKMARK [0][-]{section*.6}{Abk\374rzungsverzeichnis}{}% 4
\BOOKMARK [0][-]{section*.8}{Glossar}{}% 5
\BOOKMARK [0][-]{chapter.1}{Einleitung}{}% 6
\BOOKMARK [1][-]{section.1.1}{Motivation}{chapter.1}% 7
\BOOKMARK [1][-]{section.1.2}{Zielsetzung}{chapter.1}% 8
\BOOKMARK [1][-]{section.1.3}{Das Unternehmen glomex GmbH}{chapter.1}% 9
\BOOKMARK [0][-]{chapter.2}{Stand der Technik}{}% 10
\BOOKMARK [1][-]{section.2.1}{Bedeutung-Qualit\344tsmanagement}{chapter.2}% 11
\BOOKMARK [2][-]{subsection.2.1.1}{Qualit\344tsmanagementsysteme}{section.2.1}% 12
\BOOKMARK [2][-]{subsection.2.1.2}{Qualit\344t}{section.2.1}% 13
\BOOKMARK [1][-]{section.2.2}{QA-Abteilung}{chapter.2}% 14
\BOOKMARK [1][-]{section.2.3}{Testpyramide}{chapter.2}% 15
\BOOKMARK [1][-]{section.2.4}{Test-Arten}{chapter.2}% 16
\BOOKMARK [2][-]{subsection.2.4.1}{Unittests}{section.2.4}% 17
\BOOKMARK [2][-]{subsection.2.4.2}{Integrationstests}{section.2.4}% 18
\BOOKMARK [2][-]{subsection.2.4.3}{Oberfl\344chentests \(GUI-Tests\)}{section.2.4}% 19
\BOOKMARK [1][-]{section.2.5}{Selenium}{chapter.2}% 20
\BOOKMARK [2][-]{subsection.2.5.1}{Behavior Driven Development \(BDD\)}{section.2.5}% 21
\BOOKMARK [2][-]{subsection.2.5.2}{Pytest}{section.2.5}% 22
\BOOKMARK [1][-]{section.2.6}{Cypress}{chapter.2}% 23
\BOOKMARK [0][-]{chapter.3}{Installation / Konfiguration}{}% 24
\BOOKMARK [1][-]{section.3.1}{Umgebung}{chapter.3}% 25
\BOOKMARK [1][-]{section.3.2}{Cypress Test Runner}{chapter.3}% 26
\BOOKMARK [2][-]{subsection.3.2.1}{Installation unter Mac OS}{section.3.2}% 27
\BOOKMARK [2][-]{subsection.3.2.2}{Konfiguration}{section.3.2}% 28
\BOOKMARK [2][-]{subsection.3.2.3}{Update}{section.3.2}% 29
\BOOKMARK [1][-]{section.3.3}{Visual Studio Code}{chapter.3}% 30
\BOOKMARK [0][-]{chapter.4}{Cypress Einf\374hrung}{}% 31
\BOOKMARK [1][-]{section.4.1}{Projektstruktur}{chapter.4}% 32
\BOOKMARK [1][-]{section.4.2}{Blockstrukturen}{chapter.4}% 33
\BOOKMARK [1][-]{section.4.3}{Wichtige Kommandos}{chapter.4}% 34
\BOOKMARK [0][-]{chapter.5}{Automatisierung der Ausf\374hrung}{}% 35
\BOOKMARK [1][-]{section.5.1}{Testimplementierung in Travis}{chapter.5}% 36
\BOOKMARK [2][-]{subsection.5.1.1}{Travis}{section.5.1}% 37
\BOOKMARK [2][-]{subsection.5.1.2}{Git / Github}{section.5.1}% 38
\BOOKMARK [2][-]{subsection.5.1.3}{Testimplementierung}{section.5.1}% 39
\BOOKMARK [1][-]{section.5.2}{Cypress Dashboard}{chapter.5}% 40
\BOOKMARK [0][-]{chapter.6}{Vergleich}{}% 41
\BOOKMARK [1][-]{section.6.1}{Momentanes System}{chapter.6}% 42
\BOOKMARK [1][-]{section.6.2}{Konzept Vergleich}{chapter.6}% 43
\BOOKMARK [2][-]{subsection.6.2.1}{Auswertung}{section.6.2}% 44
\BOOKMARK [0][-]{chapter.7}{Fazit}{}% 45
\BOOKMARK [1][-]{section.7.1}{Reflexion}{chapter.7}% 46
\BOOKMARK [1][-]{section.7.2}{Ausblick}{chapter.7}% 47
\BOOKMARK [0][-]{section*.34}{Literatur}{}% 48
